{
  "stats": {
    "suites": 1,
    "tests": 1,
    "passes": 1,
    "pending": 0,
    "failures": 0,
    "start": "2026-08-20T20:13:09.896Z",
    "end": "2026-08-20T20:13:11.972Z",
    "duration": 2076,
    "testsRegistered": 1,
    "passPercent": 100,
    "pendingPercent": 0,
    "other": 0,
    "hasOther": false,
    "skipped": 0,
    "hasSkipped": false
  },
  "results": [
    {
      "uuid": "e10ff65b-394d-4ced-8e83-aace741e8191",
      "title": "",
      "fullFile": "cypress\\e2e\\lista-exercicios.cy.js",
      "file": "cypress\\e2e\\lista-exercicios.cy.js",
      "beforeHooks": [],
      "afterHooks": [],
      "tests": [],
      "suites": [
        {
          "uuid": "70847119-9e9d-4d01-9006-80d8adbea64d",
          "title": "Múltiplas páginas",
          "fullFile": "",
          "file": "",
          "beforeHooks": [],
          "afterHooks": [],
          "tests": [
            {
              "title": "Lista de exercícios",
              "fullTitle": "Múltiplas páginas Lista de exercícios",
              "timedOut": null,
              "duration": 1012,
              "state": "passed",
              "speed": "fast",
              "pass": true,
              "fail": false,
              "pending": false,
              "context": null,
              "code": "// LISTA DE EXERCICIOS - 1\n// cy.contains('a', 'Ver pets disponíveis para adoção').click();\n// cy.get('[aria-label=\"Tela inicial\"]').click();\n// cy.get('[aria-label=\"Ir para Mensagens\"]').click();\n// cy.visit('https://adopet-frontend-cypress.vercel.app/login');\n// cy.visit('https://adopet-frontend-cypress.vercel.app/home');\n// cy.contains('a', 'Falar com responsável').click();\n// LISTA DE EXERCÍCIOS - 2\ncy.title().should('include', 'AdoPet');\ncy.contains('Quem ama adota!').should('be.visible');\ncy.contains('Adotar pode mudar uma vida. Que tal buscar seu novo melhor amigo hoje? Vem com a gente!').should('be.visible');\ncy.get('.header__message').click();\ncy.get('[data-test=\"input-loginEmail\"]').type(\"joyce@email.com\");\ncy.get('[data-test=\"input-loginPassword\"]').type(\"Senha123!\");",
              "err": {},
              "uuid": "8e507819-55e3-46cc-8d99-2c60245d26df",
              "parentUUID": "70847119-9e9d-4d01-9006-80d8adbea64d",
              "isHook": false,
              "skipped": false
            }
          ],
          "suites": [],
          "passes": [
            "8e507819-55e3-46cc-8d99-2c60245d26df"
          ],
          "failures": [],
          "pending": [],
          "skipped": [],
          "duration": 1012,
          "root": false,
          "rootEmpty": false,
          "_timeout": 2000
        }
      ],
      "passes": [],
      "failures": [],
      "pending": [],
      "skipped": [],
      "duration": 0,
      "root": true,
      "rootEmpty": true,
      "_timeout": 2000
    }
  ],
  "meta": {
    "mocha": {
      "version": "7.0.1"
    },
    "mochawesome": {
      "options": {
        "quiet": false,
        "reportFilename": "mochawesome",
        "saveHtml": false,
        "saveJson": true,
        "consoleReporter": "spec",
        "useInlineDiffs": false,
        "code": true
      },
      "version": "7.1.3"
    },
    "marge": {
      "options": {
        "reportDir": "cypress/results",
        "overwrite": false,
        "html": false,
        "json": true,
        "timestamp": "mmddyyyy_HHMMss"
      },
      "version": "6.3.2"
    }
  }
}