{
  "stats": {
    "suites": 1,
    "tests": 1,
    "passes": 1,
    "pending": 0,
    "failures": 0,
    "start": "2026-08-21T18:37:25.180Z",
    "end": "2026-08-21T18:37:42.680Z",
    "duration": 17500,
    "testsRegistered": 1,
    "passPercent": 100,
    "pendingPercent": 0,
    "other": 0,
    "hasOther": false,
    "skipped": 0,
    "hasSkipped": false
  },
  "results": [
    {
      "uuid": "728d5584-e782-4888-be2e-adb5945a04e5",
      "title": "",
      "fullFile": "cypress\\e2e\\api-mensagens.cy.js",
      "file": "cypress\\e2e\\api-mensagens.cy.js",
      "beforeHooks": [],
      "afterHooks": [],
      "tests": [],
      "suites": [
        {
          "uuid": "097702e7-f618-4657-aa88-a38d1202f332",
          "title": "Api AdoPet",
          "fullFile": "",
          "file": "",
          "beforeHooks": [],
          "afterHooks": [],
          "tests": [
            {
              "title": "Mensagens da API",
              "fullTitle": "Api AdoPet Mensagens da API",
              "timedOut": null,
              "duration": 17479,
              "state": "passed",
              "speed": "slow",
              "pass": true,
              "fail": false,
              "pending": false,
              "context": null,
              "code": "cy.request({\n  method: 'GET',\n  url: 'https://adopet-api-i8qu.onrender.com/mensagem/2d3b768a-95e9-4f83-aaa9-0b1bc9938f5e',\n  headers: Cypress.env()\n}).then(res => {\n  expect(res.status).to.be.equal(200); //espera uma resposta 200\n  expect(res.body).is.not.empty; //espera um body que nao seja vazio\n  expect(res.body).to.have.property('msg'); // espera que no body tenha uma propriedade msg\n  // expect(res.duration).to.be.lte(tempoEsperado); // lte = menor que\n});",
              "err": {},
              "uuid": "80034c58-1b6e-4959-b355-9b7397679c3e",
              "parentUUID": "097702e7-f618-4657-aa88-a38d1202f332",
              "isHook": false,
              "skipped": false
            }
          ],
          "suites": [],
          "passes": [
            "80034c58-1b6e-4959-b355-9b7397679c3e"
          ],
          "failures": [],
          "pending": [],
          "skipped": [],
          "duration": 17479,
          "root": false,
          "rootEmpty": false,
          "_timeout": 2000
        }
      ],
      "passes": [],
      "failures": [],
      "pending": [],
      "skipped": [],
      "duration": 0,
      "root": true,
      "rootEmpty": true,
      "_timeout": 2000
    }
  ],
  "meta": {
    "mocha": {
      "version": "7.0.1"
    },
    "mochawesome": {
      "options": {
        "quiet": false,
        "reportFilename": "mochawesome",
        "saveHtml": false,
        "saveJson": true,
        "consoleReporter": "spec",
        "useInlineDiffs": false,
        "code": true
      },
      "version": "7.1.3"
    },
    "marge": {
      "options": {
        "reportDir": "cypress/results",
        "overwrite": false,
        "html": false,
        "json": true,
        "timestamp": "mmddyyyy_HHMMss"
      },
      "version": "6.3.2"
    }
  }
}