{
  "stats": {
    "suites": 1,
    "tests": 1,
    "passes": 1,
    "pending": 0,
    "failures": 0,
    "start": "2026-08-20T20:13:05.928Z",
    "end": "2026-08-20T20:13:08.691Z",
    "duration": 2763,
    "testsRegistered": 1,
    "passPercent": 100,
    "pendingPercent": 0,
    "other": 0,
    "hasOther": false,
    "skipped": 0,
    "hasSkipped": false
  },
  "results": [
    {
      "uuid": "6d5c2db0-44bb-4955-a34a-1fcf00a8e11d",
      "title": "",
      "fullFile": "cypress\\e2e\\cadastro-incorreto.cy.js",
      "file": "cypress\\e2e\\cadastro-incorreto.cy.js",
      "beforeHooks": [],
      "afterHooks": [],
      "tests": [],
      "suites": [
        {
          "uuid": "86155913-8eb3-4304-8874-56f8c827d8eb",
          "title": "Página de Cadastro",
          "fullFile": "",
          "file": "",
          "beforeHooks": [],
          "afterHooks": [],
          "tests": [
            {
              "title": "Preencher os campos do formulário incorretamente e exibir mensagens ao usuário",
              "fullTitle": "Página de Cadastro Preencher os campos do formulário incorretamente e exibir mensagens ao usuário",
              "timedOut": null,
              "duration": 1677,
              "state": "passed",
              "speed": "fast",
              "pass": true,
              "fail": false,
              "pending": false,
              "context": null,
              "code": "cy.visit(\"https://adopet-frontend-cypress.vercel.app/\");\ncy.get('[data-test=\"register-button\"]').click();\ncy.get('[data-test=\"submit-button\"]').click();\ncy.contains(\"É necessário informar um endereço de email\").should(\"be.visible\"); // essa mensagem deve estar visível\ncy.contains(\"Crie uma senha\").should(\"be.visible\");\ncy.contains(\"Repita a senha criada acima\").should(\"be.visible\");",
              "err": {},
              "uuid": "e34129ab-cc42-46b7-8520-b2ccceb3b908",
              "parentUUID": "86155913-8eb3-4304-8874-56f8c827d8eb",
              "isHook": false,
              "skipped": false
            }
          ],
          "suites": [],
          "passes": [
            "e34129ab-cc42-46b7-8520-b2ccceb3b908"
          ],
          "failures": [],
          "pending": [],
          "skipped": [],
          "duration": 1677,
          "root": false,
          "rootEmpty": false,
          "_timeout": 2000
        }
      ],
      "passes": [],
      "failures": [],
      "pending": [],
      "skipped": [],
      "duration": 0,
      "root": true,
      "rootEmpty": true,
      "_timeout": 2000
    }
  ],
  "meta": {
    "mocha": {
      "version": "7.0.1"
    },
    "mochawesome": {
      "options": {
        "quiet": false,
        "reportFilename": "mochawesome",
        "saveHtml": false,
        "saveJson": true,
        "consoleReporter": "spec",
        "useInlineDiffs": false,
        "code": true
      },
      "version": "7.1.3"
    },
    "marge": {
      "options": {
        "reportDir": "cypress/results",
        "overwrite": false,
        "html": false,
        "json": true,
        "timestamp": "mmddyyyy_HHMMss"
      },
      "version": "6.3.2"
    }
  }
}