{
  "stats": {
    "suites": 1,
    "tests": 1,
    "passes": 1,
    "pending": 0,
    "failures": 0,
    "start": "2026-08-20T20:13:17.340Z",
    "end": "2026-08-20T20:13:19.656Z",
    "duration": 2316,
    "testsRegistered": 1,
    "passPercent": 100,
    "pendingPercent": 0,
    "other": 0,
    "hasOther": false,
    "skipped": 0,
    "hasSkipped": false
  },
  "results": [
    {
      "uuid": "599eff10-e754-4ebe-9cb8-154011df7929",
      "title": "",
      "fullFile": "cypress\\e2e\\login-incorreto.cy.js",
      "file": "cypress\\e2e\\login-incorreto.cy.js",
      "beforeHooks": [],
      "afterHooks": [],
      "tests": [],
      "suites": [
        {
          "uuid": "6068ef28-5037-4a5b-b202-e2a96c9a5851",
          "title": "Página de Login",
          "fullFile": "",
          "file": "",
          "beforeHooks": [],
          "afterHooks": [],
          "tests": [
            {
              "title": "Preencher os campos de login incorretamente e não autenticar o usuário na página",
              "fullTitle": "Página de Login Preencher os campos de login incorretamente e não autenticar o usuário na página",
              "timedOut": null,
              "duration": 1003,
              "state": "passed",
              "speed": "fast",
              "pass": true,
              "fail": false,
              "pending": false,
              "context": null,
              "code": "cy.get('[data-test=\"input-loginEmail\"]').type(\"joyce\");\ncy.get('[data-test=\"input-loginPassword\"]').type(\"123\");\ncy.get('[data-test=\"submit-button\"]').click();\ncy.contains(\"Por favor, verifique o email digitado\").should(\"be.visible\");\ncy.contains('A senha deve conter pelo menos uma letra maiúscula, um número e ter entre 6 e 15 caracteres').should('be.visible');",
              "err": {},
              "uuid": "6950739c-01f1-4865-b7f4-36b803f911b4",
              "parentUUID": "6068ef28-5037-4a5b-b202-e2a96c9a5851",
              "isHook": false,
              "skipped": false
            }
          ],
          "suites": [],
          "passes": [
            "6950739c-01f1-4865-b7f4-36b803f911b4"
          ],
          "failures": [],
          "pending": [],
          "skipped": [],
          "duration": 1003,
          "root": false,
          "rootEmpty": false,
          "_timeout": 2000
        }
      ],
      "passes": [],
      "failures": [],
      "pending": [],
      "skipped": [],
      "duration": 0,
      "root": true,
      "rootEmpty": true,
      "_timeout": 2000
    }
  ],
  "meta": {
    "mocha": {
      "version": "7.0.1"
    },
    "mochawesome": {
      "options": {
        "quiet": false,
        "reportFilename": "mochawesome",
        "saveHtml": false,
        "saveJson": true,
        "consoleReporter": "spec",
        "useInlineDiffs": false,
        "code": true
      },
      "version": "7.1.3"
    },
    "marge": {
      "options": {
        "reportDir": "cypress/results",
        "overwrite": false,
        "html": false,
        "json": true,
        "timestamp": "mmddyyyy_HHMMss"
      },
      "version": "6.3.2"
    }
  }
}